[21-Aug-2023 17:04:59 America/Costa_Rica] PHP Warning:  Undefined variable $list in C:\xampp\htdocs\API_BACKEND_BACID\index.php on line 18
[21-Aug-2023 17:04:59 America/Costa_Rica] PHP Fatal error:  Uncaught TypeError: in_array(): Argument #2 ($haystack) must be of type array, null given in C:\xampp\htdocs\API_BACKEND_BACID\index.php:18
Stack trace:
#0 C:\xampp\htdocs\API_BACKEND_BACID\index.php(18): in_array('auth', NULL)
#1 {main}
  thrown in C:\xampp\htdocs\API_BACKEND_BACID\index.php on line 18
[21-Aug-2023 17:05:34 America/Costa_Rica] conexion exitosa
[21-Aug-2023 17:06:12 America/Costa_Rica] PHP Warning:  Undefined array key 2 in C:\xampp\htdocs\API_BACKEND_BACID\src\Routes\auth.php on line 11
[21-Aug-2023 17:06:32 America/Costa_Rica] conexion exitosa
[21-Aug-2023 17:09:24 America/Costa_Rica] conexion exitosa
[21-Aug-2023 17:18:38 America/Costa_Rica] conexion exitosa
[21-Aug-2023 17:26:37 America/Costa_Rica] conexion exitosa
[21-Aug-2023 17:42:31 America/Costa_Rica] PHP Warning:  Undefined array key 2 in C:\xampp\htdocs\API_BACKEND_BACID\src\Routes\option.php on line 21
[21-Aug-2023 17:42:31 America/Costa_Rica] PHP Warning:  Undefined array key 2 in C:\xampp\htdocs\API_BACKEND_BACID\src\Routes\option.php on line 22
[21-Aug-2023 17:43:01 America/Costa_Rica] PHP Warning:  Undefined array key 2 in C:\xampp\htdocs\API_BACKEND_BACID\src\Routes\option.php on line 21
[21-Aug-2023 17:43:01 America/Costa_Rica] PHP Warning:  Undefined array key 2 in C:\xampp\htdocs\API_BACKEND_BACID\src\Routes\option.php on line 22
[21-Aug-2023 17:43:11 America/Costa_Rica] conexion exitosa
[21-Aug-2023 17:56:49 America/Costa_Rica] conexion exitosa
[21-Aug-2023 17:57:52 America/Costa_Rica] conexion exitosa
[21-Aug-2023 18:00:05 America/Costa_Rica] conexion exitosa
[21-Aug-2023 18:00:17 America/Costa_Rica] PHP Warning:  Undefined array key 2 in C:\xampp\htdocs\API_BACKEND_BACID\src\Routes\option.php on line 21
[21-Aug-2023 18:00:17 America/Costa_Rica] PHP Warning:  Undefined array key 2 in C:\xampp\htdocs\API_BACKEND_BACID\src\Routes\option.php on line 22
[21-Aug-2023 18:29:17 America/Costa_Rica] conexion exitosa
[21-Aug-2023 18:29:18 America/Costa_Rica] conexion exitosa
[21-Aug-2023 18:29:18 America/Costa_Rica] conexion exitosa
[21-Aug-2023 18:29:18 America/Costa_Rica] conexion exitosa
[21-Aug-2023 18:29:18 America/Costa_Rica] conexion exitosa
[21-Aug-2023 18:29:18 America/Costa_Rica] conexion exitosa
[21-Aug-2023 18:29:42 America/Costa_Rica] conexion exitosa
[21-Aug-2023 18:29:44 America/Costa_Rica] conexion exitosa
[21-Aug-2023 18:29:47 America/Costa_Rica] conexion exitosa
[21-Aug-2023 18:29:47 America/Costa_Rica] conexion exitosa
[21-Aug-2023 18:29:51 America/Costa_Rica] conexion exitosa
[21-Aug-2023 18:29:53 America/Costa_Rica] conexion exitosa
[21-Aug-2023 18:29:57 America/Costa_Rica] conexion exitosa
[21-Aug-2023 18:29:59 America/Costa_Rica] conexion exitosa
[21-Aug-2023 18:29:59 America/Costa_Rica] conexion exitosa
[21-Aug-2023 18:30:02 America/Costa_Rica] conexion exitosa
[21-Aug-2023 18:30:03 America/Costa_Rica] conexion exitosa
[21-Aug-2023 18:30:06 America/Costa_Rica] conexion exitosa
[21-Aug-2023 18:30:08 America/Costa_Rica] conexion exitosa
[21-Aug-2023 18:30:09 America/Costa_Rica] conexion exitosa
[21-Aug-2023 18:30:09 America/Costa_Rica] conexion exitosa
[21-Aug-2023 18:30:23 America/Costa_Rica] conexion exitosa
[21-Aug-2023 18:30:23 America/Costa_Rica] conexion exitosa
[21-Aug-2023 18:30:23 America/Costa_Rica] conexion exitosa
[21-Aug-2023 18:30:23 America/Costa_Rica] conexion exitosa
[21-Aug-2023 18:30:23 America/Costa_Rica] conexion exitosa
[21-Aug-2023 18:30:24 America/Costa_Rica] conexion exitosa
[21-Aug-2023 18:30:24 America/Costa_Rica] conexion exitosa
[21-Aug-2023 18:30:24 America/Costa_Rica] conexion exitosa
[21-Aug-2023 18:30:24 America/Costa_Rica] conexion exitosa
[21-Aug-2023 18:30:24 America/Costa_Rica] conexion exitosa
[21-Aug-2023 18:30:32 America/Costa_Rica] conexion exitosa
[21-Aug-2023 18:30:46 America/Costa_Rica] conexion exitosa
[21-Aug-2023 18:30:50 America/Costa_Rica] conexion exitosa
[21-Aug-2023 18:30:50 America/Costa_Rica] conexion exitosa
[21-Aug-2023 18:30:50 America/Costa_Rica] conexion exitosa
[21-Aug-2023 18:31:20 America/Costa_Rica] conexion exitosa
[21-Aug-2023 18:31:23 America/Costa_Rica] conexion exitosa
[21-Aug-2023 18:32:21 America/Costa_Rica] conexion exitosa
[21-Aug-2023 18:32:21 America/Costa_Rica] conexion exitosa
[21-Aug-2023 18:32:21 America/Costa_Rica] conexion exitosa
[21-Aug-2023 18:32:27 America/Costa_Rica] conexion exitosa
[21-Aug-2023 18:32:33 America/Costa_Rica] conexion exitosa
[21-Aug-2023 18:32:41 America/Costa_Rica] conexion exitosa
[21-Aug-2023 18:33:06 America/Costa_Rica] conexion exitosa
[21-Aug-2023 18:33:29 America/Costa_Rica] conexion exitosa
[21-Aug-2023 18:33:29 America/Costa_Rica] conexion exitosa
[21-Aug-2023 18:33:29 America/Costa_Rica] conexion exitosa
[21-Aug-2023 18:33:29 America/Costa_Rica] conexion exitosa
[21-Aug-2023 18:33:29 America/Costa_Rica] conexion exitosa
[21-Aug-2023 18:33:29 America/Costa_Rica] conexion exitosa
[21-Aug-2023 18:33:47 America/Costa_Rica] conexion exitosa
[21-Aug-2023 18:33:52 America/Costa_Rica] conexion exitosa
[21-Aug-2023 18:33:52 America/Costa_Rica] conexion exitosa
[21-Aug-2023 18:33:52 America/Costa_Rica] conexion exitosa
[21-Aug-2023 18:33:52 America/Costa_Rica] conexion exitosa
[21-Aug-2023 18:33:52 America/Costa_Rica] conexion exitosa
[21-Aug-2023 18:34:36 America/Costa_Rica] conexion exitosa
[21-Aug-2023 18:34:39 America/Costa_Rica] conexion exitosa
[21-Aug-2023 18:34:41 America/Costa_Rica] conexion exitosa
[21-Aug-2023 18:34:41 America/Costa_Rica] conexion exitosa
[21-Aug-2023 18:34:43 America/Costa_Rica] conexion exitosa
[21-Aug-2023 18:34:48 America/Costa_Rica] conexion exitosa
[21-Aug-2023 18:34:49 America/Costa_Rica] conexion exitosa
[21-Aug-2023 18:34:49 America/Costa_Rica] conexion exitosa
[21-Aug-2023 18:34:51 America/Costa_Rica] conexion exitosa
[21-Aug-2023 18:34:52 America/Costa_Rica] conexion exitosa
[21-Aug-2023 18:34:54 America/Costa_Rica] conexion exitosa
[21-Aug-2023 18:37:26 America/Costa_Rica] conexion exitosa
[21-Aug-2023 18:37:26 America/Costa_Rica] conexion exitosa
[21-Aug-2023 18:37:26 America/Costa_Rica] conexion exitosa
[21-Aug-2023 18:37:26 America/Costa_Rica] conexion exitosa
[21-Aug-2023 18:37:26 America/Costa_Rica] conexion exitosa
[21-Aug-2023 18:37:31 America/Costa_Rica] conexion exitosa
[21-Aug-2023 18:37:31 America/Costa_Rica] conexion exitosa
[21-Aug-2023 18:37:31 America/Costa_Rica] conexion exitosa
[21-Aug-2023 18:37:31 America/Costa_Rica] conexion exitosa
[21-Aug-2023 18:37:31 America/Costa_Rica] conexion exitosa
[21-Aug-2023 18:38:17 America/Costa_Rica] conexion exitosa
[21-Aug-2023 18:38:17 America/Costa_Rica] conexion exitosa
[21-Aug-2023 18:38:17 America/Costa_Rica] conexion exitosa
[21-Aug-2023 18:38:17 America/Costa_Rica] conexion exitosa
[21-Aug-2023 18:38:17 America/Costa_Rica] conexion exitosa
[21-Aug-2023 18:38:31 America/Costa_Rica] conexion exitosa
[21-Aug-2023 18:38:31 America/Costa_Rica] conexion exitosa
[21-Aug-2023 18:38:31 America/Costa_Rica] conexion exitosa
[21-Aug-2023 18:38:31 America/Costa_Rica] conexion exitosa
[21-Aug-2023 18:38:31 America/Costa_Rica] conexion exitosa
[21-Aug-2023 18:38:55 America/Costa_Rica] conexion exitosa
[21-Aug-2023 18:38:55 America/Costa_Rica] conexion exitosa
[21-Aug-2023 18:38:55 America/Costa_Rica] conexion exitosa
[21-Aug-2023 18:38:55 America/Costa_Rica] conexion exitosa
[21-Aug-2023 18:38:55 America/Costa_Rica] conexion exitosa
[21-Aug-2023 18:38:59 America/Costa_Rica] conexion exitosa
[21-Aug-2023 18:38:59 America/Costa_Rica] conexion exitosa
[21-Aug-2023 18:38:59 America/Costa_Rica] conexion exitosa
[21-Aug-2023 18:38:59 America/Costa_Rica] conexion exitosa
[21-Aug-2023 18:38:59 America/Costa_Rica] conexion exitosa
[21-Aug-2023 18:39:11 America/Costa_Rica] conexion exitosa
[21-Aug-2023 18:39:11 America/Costa_Rica] conexion exitosa
[21-Aug-2023 18:39:11 America/Costa_Rica] conexion exitosa
[21-Aug-2023 18:39:11 America/Costa_Rica] conexion exitosa
[21-Aug-2023 18:39:11 America/Costa_Rica] conexion exitosa
[21-Aug-2023 18:39:18 America/Costa_Rica] conexion exitosa
[21-Aug-2023 18:39:18 America/Costa_Rica] conexion exitosa
[21-Aug-2023 18:39:18 America/Costa_Rica] conexion exitosa
[21-Aug-2023 18:39:18 America/Costa_Rica] conexion exitosa
[21-Aug-2023 18:39:18 America/Costa_Rica] conexion exitosa
[21-Aug-2023 18:39:39 America/Costa_Rica] conexion exitosa
[21-Aug-2023 18:39:39 America/Costa_Rica] conexion exitosa
[21-Aug-2023 18:39:39 America/Costa_Rica] conexion exitosa
[21-Aug-2023 18:39:39 America/Costa_Rica] conexion exitosa
[21-Aug-2023 18:39:39 America/Costa_Rica] conexion exitosa
[21-Aug-2023 18:39:43 America/Costa_Rica] conexion exitosa
[21-Aug-2023 18:39:43 America/Costa_Rica] conexion exitosa
[21-Aug-2023 18:39:43 America/Costa_Rica] conexion exitosa
[21-Aug-2023 18:39:43 America/Costa_Rica] conexion exitosa
[21-Aug-2023 18:39:43 America/Costa_Rica] conexion exitosa
[21-Aug-2023 18:39:51 America/Costa_Rica] conexion exitosa
[21-Aug-2023 18:39:53 America/Costa_Rica] conexion exitosa
[21-Aug-2023 18:39:55 America/Costa_Rica] conexion exitosa
[21-Aug-2023 18:39:59 America/Costa_Rica] conexion exitosa
[21-Aug-2023 18:39:59 America/Costa_Rica] conexion exitosa
[21-Aug-2023 18:40:02 America/Costa_Rica] conexion exitosa
[21-Aug-2023 18:40:06 America/Costa_Rica] conexion exitosa
[21-Aug-2023 18:40:09 America/Costa_Rica] conexion exitosa
[21-Aug-2023 18:40:09 America/Costa_Rica] conexion exitosa
[21-Aug-2023 18:40:11 America/Costa_Rica] conexion exitosa
[21-Aug-2023 18:40:13 America/Costa_Rica] conexion exitosa
[21-Aug-2023 18:40:15 America/Costa_Rica] conexion exitosa
[21-Aug-2023 18:40:15 America/Costa_Rica] conexion exitosa
[21-Aug-2023 18:40:15 America/Costa_Rica] conexion exitosa
[21-Aug-2023 18:40:27 America/Costa_Rica] conexion exitosa
[21-Aug-2023 18:40:27 America/Costa_Rica] conexion exitosa
[21-Aug-2023 18:40:27 America/Costa_Rica] conexion exitosa
[21-Aug-2023 18:40:31 America/Costa_Rica] conexion exitosa
[21-Aug-2023 18:40:31 America/Costa_Rica] conexion exitosa
[21-Aug-2023 18:40:35 America/Costa_Rica] conexion exitosa
[21-Aug-2023 18:40:35 America/Costa_Rica] conexion exitosa
[21-Aug-2023 18:40:35 America/Costa_Rica] conexion exitosa
[21-Aug-2023 18:40:35 America/Costa_Rica] conexion exitosa
[21-Aug-2023 18:40:35 America/Costa_Rica] conexion exitosa
[21-Aug-2023 18:40:40 America/Costa_Rica] conexion exitosa
[21-Aug-2023 18:40:44 America/Costa_Rica] conexion exitosa
[21-Aug-2023 18:40:46 America/Costa_Rica] conexion exitosa
[21-Aug-2023 18:40:46 America/Costa_Rica] conexion exitosa
[21-Aug-2023 18:40:49 America/Costa_Rica] conexion exitosa
[21-Aug-2023 18:40:51 America/Costa_Rica] conexion exitosa
[21-Aug-2023 18:40:53 America/Costa_Rica] conexion exitosa
[21-Aug-2023 18:40:53 America/Costa_Rica] conexion exitosa
[21-Aug-2023 18:40:56 America/Costa_Rica] conexion exitosa
[21-Aug-2023 18:40:57 America/Costa_Rica] conexion exitosa
[21-Aug-2023 18:40:59 America/Costa_Rica] conexion exitosa
[21-Aug-2023 18:41:00 America/Costa_Rica] conexion exitosa
[21-Aug-2023 18:41:00 America/Costa_Rica] conexion exitosa
[21-Aug-2023 18:41:10 America/Costa_Rica] conexion exitosa
[21-Aug-2023 18:41:10 America/Costa_Rica] conexion exitosa
[21-Aug-2023 18:41:10 America/Costa_Rica] conexion exitosa
[21-Aug-2023 18:41:10 America/Costa_Rica] conexion exitosa
[21-Aug-2023 18:41:10 America/Costa_Rica] conexion exitosa
[21-Aug-2023 18:41:11 America/Costa_Rica] conexion exitosa
[21-Aug-2023 18:41:14 America/Costa_Rica] conexion exitosa
[21-Aug-2023 18:41:14 America/Costa_Rica] conexion exitosa
[21-Aug-2023 18:41:14 America/Costa_Rica] conexion exitosa
[21-Aug-2023 18:41:14 America/Costa_Rica] conexion exitosa
[21-Aug-2023 18:41:16 America/Costa_Rica] conexion exitosa
[21-Aug-2023 18:41:43 America/Costa_Rica] conexion exitosa
[21-Aug-2023 18:41:44 America/Costa_Rica] conexion exitosa
[21-Aug-2023 18:41:44 America/Costa_Rica] conexion exitosa
[21-Aug-2023 18:41:44 America/Costa_Rica] conexion exitosa
[21-Aug-2023 18:41:44 America/Costa_Rica] conexion exitosa
[21-Aug-2023 18:41:44 America/Costa_Rica] conexion exitosa
[21-Aug-2023 18:41:45 America/Costa_Rica] conexion exitosa
[21-Aug-2023 18:41:53 America/Costa_Rica] conexion exitosa
[21-Aug-2023 18:41:57 America/Costa_Rica] conexion exitosa
[21-Aug-2023 18:41:57 America/Costa_Rica] conexion exitosa
[21-Aug-2023 18:41:57 America/Costa_Rica] conexion exitosa
[21-Aug-2023 18:41:57 America/Costa_Rica] conexion exitosa
[21-Aug-2023 18:41:57 America/Costa_Rica] conexion exitosa
[21-Aug-2023 18:42:03 America/Costa_Rica] conexion exitosa
[21-Aug-2023 18:42:03 America/Costa_Rica] conexion exitosa
[21-Aug-2023 18:42:03 America/Costa_Rica] conexion exitosa
[21-Aug-2023 18:42:03 America/Costa_Rica] conexion exitosa
[21-Aug-2023 18:42:03 America/Costa_Rica] conexion exitosa
[21-Aug-2023 19:48:47 America/Costa_Rica] conexion exitosa
[21-Aug-2023 19:48:48 America/Costa_Rica] conexion exitosa
[21-Aug-2023 19:48:48 America/Costa_Rica] conexion exitosa
[21-Aug-2023 19:48:48 America/Costa_Rica] conexion exitosa
[21-Aug-2023 19:48:48 America/Costa_Rica] conexion exitosa
[21-Aug-2023 19:48:48 America/Costa_Rica] conexion exitosa
[21-Aug-2023 19:48:57 America/Costa_Rica] conexion exitosa
[21-Aug-2023 19:48:59 America/Costa_Rica] conexion exitosa
[21-Aug-2023 19:49:01 America/Costa_Rica] conexion exitosa
[21-Aug-2023 19:49:01 America/Costa_Rica] conexion exitosa
[21-Aug-2023 19:49:03 America/Costa_Rica] conexion exitosa
[21-Aug-2023 19:49:06 America/Costa_Rica] conexion exitosa
[21-Aug-2023 19:49:07 America/Costa_Rica] conexion exitosa
[21-Aug-2023 19:49:07 America/Costa_Rica] conexion exitosa
[21-Aug-2023 19:49:09 America/Costa_Rica] conexion exitosa
[21-Aug-2023 19:49:10 America/Costa_Rica] conexion exitosa
[21-Aug-2023 19:49:12 America/Costa_Rica] conexion exitosa
[21-Aug-2023 19:49:13 America/Costa_Rica] conexion exitosa
[21-Aug-2023 19:49:13 America/Costa_Rica] conexion exitosa
[21-Aug-2023 19:49:23 America/Costa_Rica] conexion exitosa
[21-Aug-2023 19:49:23 America/Costa_Rica] conexion exitosa
[21-Aug-2023 19:49:23 America/Costa_Rica] conexion exitosa
[21-Aug-2023 19:49:23 America/Costa_Rica] conexion exitosa
[21-Aug-2023 19:49:23 America/Costa_Rica] conexion exitosa
[21-Aug-2023 19:49:24 America/Costa_Rica] conexion exitosa
[21-Aug-2023 19:49:26 America/Costa_Rica] conexion exitosa
[21-Aug-2023 19:49:31 America/Costa_Rica] conexion exitosa
[21-Aug-2023 19:49:34 America/Costa_Rica] conexion exitosa
[21-Aug-2023 19:49:35 America/Costa_Rica] conexion exitosa
[21-Aug-2023 19:49:35 America/Costa_Rica] conexion exitosa
[21-Aug-2023 19:51:20 America/Costa_Rica] conexion exitosa
[21-Aug-2023 19:51:20 America/Costa_Rica] conexion exitosa
[21-Aug-2023 19:51:20 America/Costa_Rica] conexion exitosa
[21-Aug-2023 19:51:33 America/Costa_Rica] conexion exitosa
[21-Aug-2023 19:51:33 America/Costa_Rica] conexion exitosa
[21-Aug-2023 19:51:33 America/Costa_Rica] conexion exitosa
[21-Aug-2023 19:51:33 America/Costa_Rica] conexion exitosa
[21-Aug-2023 19:51:33 America/Costa_Rica] conexion exitosa
[21-Aug-2023 19:51:43 America/Costa_Rica] conexion exitosa
[21-Aug-2023 19:51:47 America/Costa_Rica] conexion exitosa
[21-Aug-2023 19:51:48 America/Costa_Rica] conexion exitosa
[21-Aug-2023 19:51:51 America/Costa_Rica] conexion exitosa
[21-Aug-2023 19:51:51 America/Costa_Rica] conexion exitosa
[21-Aug-2023 19:51:53 America/Costa_Rica] conexion exitosa
[21-Aug-2023 19:51:55 America/Costa_Rica] conexion exitosa
[21-Aug-2023 19:51:56 America/Costa_Rica] conexion exitosa
[21-Aug-2023 19:51:56 America/Costa_Rica] conexion exitosa
[21-Aug-2023 19:51:58 America/Costa_Rica] conexion exitosa
[21-Aug-2023 19:52:01 America/Costa_Rica] conexion exitosa
[21-Aug-2023 19:52:04 America/Costa_Rica] conexion exitosa
[21-Aug-2023 19:52:05 America/Costa_Rica] conexion exitosa
[21-Aug-2023 19:52:05 America/Costa_Rica] conexion exitosa
[21-Aug-2023 19:52:20 America/Costa_Rica] conexion exitosa
[21-Aug-2023 19:52:20 America/Costa_Rica] conexion exitosa
[21-Aug-2023 19:52:20 America/Costa_Rica] conexion exitosa
[21-Aug-2023 19:52:20 America/Costa_Rica] conexion exitosa
[21-Aug-2023 19:52:20 America/Costa_Rica] conexion exitosa
[21-Aug-2023 19:52:20 America/Costa_Rica] conexion exitosa
[21-Aug-2023 19:52:25 America/Costa_Rica] conexion exitosa
[21-Aug-2023 19:52:25 America/Costa_Rica] conexion exitosa
[21-Aug-2023 19:52:25 America/Costa_Rica] conexion exitosa
[21-Aug-2023 19:52:25 America/Costa_Rica] conexion exitosa
[21-Aug-2023 19:55:30 America/Costa_Rica] conexion exitosa
[21-Aug-2023 19:55:30 America/Costa_Rica] conexion exitosa
[21-Aug-2023 19:55:30 America/Costa_Rica] conexion exitosa
[21-Aug-2023 19:55:30 America/Costa_Rica] conexion exitosa
[21-Aug-2023 19:55:30 America/Costa_Rica] conexion exitosa
[21-Aug-2023 19:56:01 America/Costa_Rica] conexion exitosa
[21-Aug-2023 19:56:01 America/Costa_Rica] conexion exitosa
[21-Aug-2023 19:56:01 America/Costa_Rica] conexion exitosa
[21-Aug-2023 19:56:01 America/Costa_Rica] conexion exitosa
[21-Aug-2023 19:56:01 America/Costa_Rica] conexion exitosa
[21-Aug-2023 19:56:03 America/Costa_Rica] conexion exitosa
[21-Aug-2023 19:56:03 America/Costa_Rica] conexion exitosa
[21-Aug-2023 19:56:03 America/Costa_Rica] conexion exitosa
[21-Aug-2023 19:56:03 America/Costa_Rica] conexion exitosa
[21-Aug-2023 19:56:03 America/Costa_Rica] conexion exitosa
[21-Aug-2023 19:56:14 America/Costa_Rica] conexion exitosa
[21-Aug-2023 19:56:17 America/Costa_Rica] conexion exitosa
[21-Aug-2023 19:56:19 America/Costa_Rica] conexion exitosa
[21-Aug-2023 19:56:19 America/Costa_Rica] conexion exitosa
[21-Aug-2023 19:56:21 America/Costa_Rica] conexion exitosa
[21-Aug-2023 19:56:23 America/Costa_Rica] conexion exitosa
[21-Aug-2023 19:56:26 America/Costa_Rica] conexion exitosa
[21-Aug-2023 19:56:26 America/Costa_Rica] conexion exitosa
[21-Aug-2023 19:56:29 America/Costa_Rica] conexion exitosa
[21-Aug-2023 19:56:30 America/Costa_Rica] conexion exitosa
[21-Aug-2023 19:56:33 America/Costa_Rica] conexion exitosa
[21-Aug-2023 19:56:34 America/Costa_Rica] conexion exitosa
[21-Aug-2023 19:56:34 America/Costa_Rica] conexion exitosa
[21-Aug-2023 19:56:46 America/Costa_Rica] conexion exitosa
[21-Aug-2023 19:56:46 America/Costa_Rica] conexion exitosa
[21-Aug-2023 19:56:46 America/Costa_Rica] conexion exitosa
[21-Aug-2023 19:56:46 America/Costa_Rica] conexion exitosa
[21-Aug-2023 19:56:46 America/Costa_Rica] conexion exitosa
[21-Aug-2023 19:56:46 America/Costa_Rica] conexion exitosa
[21-Aug-2023 19:56:50 America/Costa_Rica] conexion exitosa
[21-Aug-2023 19:56:50 America/Costa_Rica] conexion exitosa
[21-Aug-2023 19:56:50 America/Costa_Rica] conexion exitosa
[21-Aug-2023 19:56:50 America/Costa_Rica] conexion exitosa
[21-Aug-2023 19:59:09 America/Costa_Rica] PHP Warning:  Undefined array key "Content-Type" in C:\xampp\htdocs\API_BACKEND_BACID\src\Controllers\BaseController.php on line 46
[21-Aug-2023 19:59:09 America/Costa_Rica] conexion exitosa
[21-Aug-2023 19:59:10 America/Costa_Rica] conexion exitosa
[21-Aug-2023 20:02:15 America/Costa_Rica] PHP Warning:  Undefined array key "Content-Type" in C:\xampp\htdocs\API_BACKEND_BACID\src\Controllers\BaseController.php on line 46
[21-Aug-2023 20:02:15 America/Costa_Rica] conexion exitosa
[21-Aug-2023 20:02:15 America/Costa_Rica] PHP Warning:  Array to string conversion in C:\xampp\htdocs\API_BACKEND_BACID\src\Models\SubBacIDModel.php on line 43
[21-Aug-2023 20:02:15 America/Costa_Rica] conexion exitosa
[21-Aug-2023 20:02:30 America/Costa_Rica] PHP Warning:  Undefined array key "Content-Type" in C:\xampp\htdocs\API_BACKEND_BACID\src\Controllers\BaseController.php on line 46
[21-Aug-2023 20:02:30 America/Costa_Rica] conexion exitosa
[21-Aug-2023 20:02:30 America/Costa_Rica] conexion exitosa
[21-Aug-2023 20:04:25 America/Costa_Rica] conexion exitosa
[21-Aug-2023 20:04:26 America/Costa_Rica] conexion exitosa
[21-Aug-2023 20:04:26 America/Costa_Rica] conexion exitosa
[21-Aug-2023 20:04:26 America/Costa_Rica] conexion exitosa
[21-Aug-2023 20:04:26 America/Costa_Rica] conexion exitosa
[21-Aug-2023 20:04:26 America/Costa_Rica] conexion exitosa
[21-Aug-2023 20:04:34 America/Costa_Rica] conexion exitosa
[21-Aug-2023 20:04:36 America/Costa_Rica] conexion exitosa
[21-Aug-2023 20:04:38 America/Costa_Rica] conexion exitosa
[21-Aug-2023 20:04:38 America/Costa_Rica] conexion exitosa
[21-Aug-2023 20:04:42 America/Costa_Rica] conexion exitosa
[21-Aug-2023 20:04:46 America/Costa_Rica] conexion exitosa
[21-Aug-2023 20:04:50 America/Costa_Rica] conexion exitosa
[21-Aug-2023 20:04:51 America/Costa_Rica] conexion exitosa
[21-Aug-2023 20:04:51 America/Costa_Rica] conexion exitosa
[21-Aug-2023 20:04:53 America/Costa_Rica] conexion exitosa
[21-Aug-2023 20:04:55 America/Costa_Rica] conexion exitosa
[21-Aug-2023 20:05:00 America/Costa_Rica] conexion exitosa
[21-Aug-2023 20:05:01 America/Costa_Rica] conexion exitosa
[21-Aug-2023 20:05:01 America/Costa_Rica] conexion exitosa
[21-Aug-2023 20:05:26 America/Costa_Rica] conexion exitosa
[21-Aug-2023 20:05:26 America/Costa_Rica] conexion exitosa
[21-Aug-2023 20:05:26 America/Costa_Rica] conexion exitosa
[21-Aug-2023 20:05:26 America/Costa_Rica] conexion exitosa
[21-Aug-2023 20:05:26 America/Costa_Rica] conexion exitosa
[21-Aug-2023 20:05:26 America/Costa_Rica] conexion exitosa
[21-Aug-2023 20:05:30 America/Costa_Rica] conexion exitosa
[21-Aug-2023 20:05:30 America/Costa_Rica] conexion exitosa
[21-Aug-2023 20:05:30 America/Costa_Rica] conexion exitosa
[21-Aug-2023 20:05:30 America/Costa_Rica] conexion exitosa
[21-Aug-2023 20:05:33 America/Costa_Rica] conexion exitosa
[21-Aug-2023 20:05:36 America/Costa_Rica] conexion exitosa
[21-Aug-2023 20:05:39 America/Costa_Rica] conexion exitosa
[21-Aug-2023 20:05:39 America/Costa_Rica] conexion exitosa
[21-Aug-2023 20:05:39 America/Costa_Rica] conexion exitosa
[21-Aug-2023 20:05:39 America/Costa_Rica] conexion exitosa
[21-Aug-2023 20:05:39 America/Costa_Rica] conexion exitosa
[21-Aug-2023 20:35:30 America/Costa_Rica] conexion exitosa
[21-Aug-2023 20:35:31 America/Costa_Rica] conexion exitosa
[21-Aug-2023 20:35:31 America/Costa_Rica] conexion exitosa
[21-Aug-2023 20:35:31 America/Costa_Rica] conexion exitosa
[21-Aug-2023 20:35:31 America/Costa_Rica] conexion exitosa
[21-Aug-2023 20:35:31 America/Costa_Rica] conexion exitosa
[21-Aug-2023 20:35:38 America/Costa_Rica] conexion exitosa
[21-Aug-2023 20:35:42 America/Costa_Rica] conexion exitosa
